Arguments: 
  D:\nodewenjian\node.exe C:\Users\15066\AppData\Roaming\npm\node_modules\yarn\bin\yarn.js add vue-press -D

PATH: 
  C:\Program Files (x86)\Intel\iCLS Client\;C:\Program Files\Intel\iCLS Client\;C:\WINDOWS\system32;C:\WINDOWS;C:\WINDOWS\System32\Wbem;C:\WINDOWS\System32\WindowsPowerShell\v1.0\;C:\Program Files (x86)\Intel\Intel(R) Management Engine Components\DAL;C:\Program Files\Intel\Intel(R) Management Engine Components\DAL;C:\Program Files (x86)\Intel\Intel(R) Management Engine Components\IPT;C:\Program Files\Intel\Intel(R) Management Engine Components\IPT;C:\WINDOWS\System32\OpenSSH\;D:\git-install\Git\cmd;D:\svn\bin;D:\nodewenjian\;C:\Users\15066\AppData\Local\Microsoft\WindowsApps;C:\Users\15066\AppData\Roaming\npm;D:\vscode安装文件\Microsoft VS Code\bin

Yarn version: 
  1.22.4

Node version: 
  10.16.3

Platform: 
  win32 x64

Trace: 
  Error: https://registry.npmjs.org/vue-press: Not found
      at Request.params.callback [as _callback] (C:\Users\15066\AppData\Roaming\npm\node_modules\yarn\lib\cli.js:66987:18)
      at Request.self.callback (C:\Users\15066\AppData\Roaming\npm\node_modules\yarn\lib\cli.js:140748:22)
      at Request.emit (events.js:198:13)
      at Request.<anonymous> (C:\Users\15066\AppData\Roaming\npm\node_modules\yarn\lib\cli.js:141720:10)
      at Request.emit (events.js:198:13)
      at IncomingMessage.<anonymous> (C:\Users\15066\AppData\Roaming\npm\node_modules\yarn\lib\cli.js:141642:12)
      at Object.onceWrapper (events.js:286:20)
      at IncomingMessage.emit (events.js:203:15)
      at endReadableNT (_stream_readable.js:1145:12)
      at process._tickCallback (internal/process/next_tick.js:63:19)

npm manifest: 
  No manifest

yarn manifest: 
  No manifest

Lockfile: 
  No lockfile
